This is e-pTeX, Version 3.14159265-p3.7-160201-2.6 (utf8.euc) (TeX Live 2016) (preloaded format=platex 2016.12.17)  2 JAN 2017 22:17
entering extended mode
 restricted \write18 enabled.
 file:line:error style messages enabled.
 %&-line parsing enabled.
**grad_thesis.tex
(./grad_thesis.tex
pLaTeX2e <2016/11/29> (based on LaTeX2e <2016/03/31> patch level 3)
Babel <3.9r> and hyphenation patterns for 83 language(s) loaded.
(/usr/local/texlive/2016/texmf-dist/tex/platex/base/jreport.cls
Document Class: jreport 2016/11/22 v1.7b Standard pLaTeX class
\c@@paper=\count82
(/usr/local/texlive/2016/texmf-dist/tex/platex/base/jsize11.clo
File: jsize11.clo 2016/11/22 v1.7b Standard pLaTeX file (size option)
)
\c@part=\count83
\c@chapter=\count84
\c@section=\count85
\c@subsection=\count86
\c@subsubsection=\count87
\c@paragraph=\count88
\c@subparagraph=\count89
\c@figure=\count90
\c@table=\count91
\abovecaptionskip=\skip41
\belowcaptionskip=\skip42
\symmincho=\mathgroup4
LaTeX Font Info:    Overwriting symbol font `mincho' in version `bold'
(Font)                  JY1/mc/m/n --> JY1/gt/m/n on input line 653.
\toclineskip=\dimen118
\@lnumwidth=\dimen119
\bibindent=\dimen120
\heisei=\count92
)
(/usr/local/texlive/2016/texmf-dist/tex/latex/graphics/graphicx.sty
Package: graphicx 2014/10/28 v1.0g Enhanced LaTeX Graphics (DPC,SPQR)

(/usr/local/texlive/2016/texmf-dist/tex/latex/graphics/keyval.sty
Package: keyval 2014/10/28 v1.15 key=value parser (DPC)
\KV@toks@=\toks15
)
(/usr/local/texlive/2016/texmf-dist/tex/latex/graphics/graphics.sty
Package: graphics 2016/07/10 v1.0t Standard LaTeX Graphics (DPC,SPQR)

(/usr/local/texlive/2016/texmf-dist/tex/latex/graphics/trig.sty
Package: trig 2016/01/03 v1.10 sin cos tan (DPC)
)
(/usr/local/texlive/2016/texmf-dist/tex/latex/graphics-cfg/graphics.cfg
File: graphics.cfg 2016/06/04 v1.11 sample graphics configuration
)
Package graphics Info: Driver file: dvipdfmx.def on input line 99.

(/usr/local/texlive/2016/texmf-dist/tex/latex/graphics-def/dvipdfmx.def
File: dvipdfmx.def 2016/07/11 v4.12 LaTeX color/graphics driver for dvipdfmx (L
3/ChoF)
))
\Gin@req@height=\dimen121
\Gin@req@width=\dimen122
)
(/usr/local/texlive/2016/texmf-dist/tex/latex/amsmath/amsmath.sty
Package: amsmath 2016/06/28 v2.15d AMS math features
\@mathmargin=\skip43

For additional information on amsmath, use the `?' option.
(/usr/local/texlive/2016/texmf-dist/tex/latex/amsmath/amstext.sty
Package: amstext 2000/06/29 v2.01 AMS text

(/usr/local/texlive/2016/texmf-dist/tex/latex/amsmath/amsgen.sty
File: amsgen.sty 1999/11/30 v2.0 generic functions
\@emptytoks=\toks16
\ex@=\dimen123
))
(/usr/local/texlive/2016/texmf-dist/tex/latex/amsmath/amsbsy.sty
Package: amsbsy 1999/11/29 v1.2d Bold Symbols
\pmbraise@=\dimen124
)
(/usr/local/texlive/2016/texmf-dist/tex/latex/amsmath/amsopn.sty
Package: amsopn 2016/03/08 v2.02 operator names
)
\inf@bad=\count93
LaTeX Info: Redefining \frac on input line 199.
\uproot@=\count94
\leftroot@=\count95
LaTeX Info: Redefining \overline on input line 297.
\classnum@=\count96
\DOTSCASE@=\count97
LaTeX Info: Redefining \ldots on input line 394.
LaTeX Info: Redefining \dots on input line 397.
LaTeX Info: Redefining \cdots on input line 518.
\Mathstrutbox@=\box41
\strutbox@=\box42
\big@size=\dimen125
LaTeX Font Info:    Redeclaring font encoding OML on input line 634.
LaTeX Font Info:    Redeclaring font encoding OMS on input line 635.
\macc@depth=\count98
\c@MaxMatrixCols=\count99
\dotsspace@=\muskip10
\c@parentequation=\count100
\dspbrk@lvl=\count101
\tag@help=\toks17
\row@=\count102
\column@=\count103
\maxfields@=\count104
\andhelp@=\toks18
\eqnshift@=\dimen126
\alignsep@=\dimen127
\tagshift@=\dimen128
\tagwidth@=\dimen129
\totwidth@=\dimen130
\lineht@=\dimen131
\@envbody=\toks19
\multlinegap=\skip44
\multlinetaggap=\skip45
\mathdisplay@stack=\toks20
LaTeX Info: Redefining \[ on input line 2739.
LaTeX Info: Redefining \] on input line 2740.
)
(/usr/local/texlive/2016/texmf-dist/tex/latex/url/url.sty
\Urlmuskip=\muskip11
Package: url 2013/09/16  ver 3.4  Verb mode for urls, etc.
)
(/usr/local/texlive/2016/texmf-dist/tex/latex/cite/chapterbib.sty
\c@inputfile=\count105
Package: chapterbib 2010/09/18  v 1.17
)
(/usr/local/texlive/2016/texmf-dist/tex/latex/setspace/setspace.sty
Package: setspace 2011/12/19 v6.7a set line spacing
)
(/usr/local/texlive/2016/texmf-dist/tex/latex/tools/theorem.sty
Package: theorem 2014/10/28 v2.2c Theorem extension package (FMi)
\theorem@style=\toks21
\theorem@bodyfont=\toks22
\theorempreskipamount=\skip46
\theorempostskipamount=\skip47

(/usr/local/texlive/2016/texmf-dist/tex/latex/tools/thp.sty
File: thp.sty 2014/10/28 v2.2c Theorem extension package (FMi)
))
(/usr/local/texlive/2016/texmf-dist/tex/latex/fancyhdr/fancyhdr.sty
Package: fancyhdr 2016/09/06 3.8 Extensive control of page headers and footers
\fancy@headwidth=\skip48
\f@ncyO@elh=\skip49
\f@ncyO@erh=\skip50
\f@ncyO@olh=\skip51
\f@ncyO@orh=\skip52
\f@ncyO@elf=\skip53
\f@ncyO@erf=\skip54
\f@ncyO@olf=\skip55
\f@ncyO@orf=\skip56
)
(/usr/local/texlive/2016/texmf-dist/tex/latex/multirow/multirow.sty
Package: multirow 2016/11/25 v2.2 Span multiple rows of a table
\multirow@colwidth=\skip57
\multirow@cntb=\count106
\multirow@dima=\skip58
\bigstrutjot=\dimen132
)
(/usr/local/texlive/2016/texmf-dist/tex/latex/arydshln/arydshln.sty
Package: arydshln 2016/04/28 v1.73 
\dashlinedash=\dimen133
\dashlinegap=\dimen134
\adl@box=\box43
\adl@height=\dimen135
\adl@heightsave=\dimen136
\adl@depth=\dimen137
\adl@depthsave=\dimen138
\adl@finaldepth=\dimen139
\adl@columns=\count107
\adl@ncol=\count108
\adl@currentcolumn=\count109
\adl@currentcolumnsave=\count110
\adl@totalheight=\count111
\adl@totalheightsave=\count112
\adl@dash=\count113
\adl@gap=\count114
\adl@cla=\count115
\adl@clb=\count116
\adl@everyvbox=\toks23
\adl@LTpagetotal=\dimen140
)
(/usr/local/texlive/2016/texmf-dist/tex/latex/algorithms/algorithm.sty
Package: algorithm 2009/08/24 v0.1 Document Style `algorithm' - floating enviro
nment

(/usr/local/texlive/2016/texmf-dist/tex/latex/float/float.sty
Package: float 2001/11/08 v1.3d Float enhancements (AL)
\c@float@type=\count117
\float@exts=\toks24
\float@box=\box44
\@float@everytoks=\toks25
\@floatcapt=\box45
)
(/usr/local/texlive/2016/texmf-dist/tex/latex/base/ifthen.sty
Package: ifthen 2014/09/29 v1.1c Standard LaTeX ifthen package (DPC)
)
\@float@every@algorithm=\toks26
\c@algorithm=\count118
)
(/usr/local/texlive/2016/texmf-dist/tex/latex/algorithms/algorithmic.sty
Package: algorithmic 2009/08/24 v0.1 Document Style `algorithmic'
\c@ALC@unique=\count119
\c@ALC@line=\count120
\c@ALC@rem=\count121
\c@ALC@depth=\count122
\ALC@tlm=\skip59
\algorithmicindent=\skip60
)
(/usr/local/texlive/2016/texmf-dist/tex/latex/hyperref/hyperref.sty
Package: hyperref 2016/06/24 v6.83q Hypertext links for LaTeX

(/usr/local/texlive/2016/texmf-dist/tex/generic/oberdiek/hobsub-hyperref.sty
Package: hobsub-hyperref 2016/05/16 v1.14 Bundle oberdiek, subset hyperref (HO)


(/usr/local/texlive/2016/texmf-dist/tex/generic/oberdiek/hobsub-generic.sty
Package: hobsub-generic 2016/05/16 v1.14 Bundle oberdiek, subset generic (HO)
Package: hobsub 2016/05/16 v1.14 Construct package bundles (HO)
Package: infwarerr 2016/05/16 v1.4 Providing info/warning/error messages (HO)
Package: ltxcmds 2016/05/16 v1.23 LaTeX kernel commands for general use (HO)
Package: ifluatex 2016/05/16 v1.4 Provides the ifluatex switch (HO)
Package ifluatex Info: LuaTeX not detected.
Package: ifvtex 2016/05/16 v1.6 Detect VTeX and its facilities (HO)
Package ifvtex Info: VTeX not detected.
Package: intcalc 2016/05/16 v1.2 Expandable calculations with integers (HO)
Package: ifpdf 2016/05/14 v3.1 Provides the ifpdf switch
Package: etexcmds 2016/05/16 v1.6 Avoid name clashes with e-TeX commands (HO)
Package etexcmds Info: Could not find \expanded.
(etexcmds)             That can mean that you are not using pdfTeX 1.50 or
(etexcmds)             that some package has redefined \expanded.
(etexcmds)             In the latter case, load this package earlier.
Package: kvsetkeys 2016/05/16 v1.17 Key value parser (HO)
Package: kvdefinekeys 2016/05/16 v1.4 Define keys (HO)
Package: pdftexcmds 2016/05/21 v0.22 Utility functions of pdfTeX for LuaTeX (HO
)
Package pdftexcmds Info: LuaTeX not detected.
Package pdftexcmds Info: pdfTeX >= 1.30 not detected.
Package pdftexcmds Info: \pdf@primitive is available.
Package pdftexcmds Info: \pdf@ifprimitive is available.
Package pdftexcmds Info: \pdfdraftmode not found.
Package: pdfescape 2016/05/16 v1.14 Implements pdfTeX's escape features (HO)
Package: bigintcalc 2016/05/16 v1.4 Expandable calculations on big integers (HO
)
Package: bitset 2016/05/16 v1.2 Handle bit-vector datatype (HO)
Package: uniquecounter 2016/05/16 v1.3 Provide unlimited unique counter (HO)
)
Package hobsub Info: Skipping package `hobsub' (already loaded).
Package: letltxmacro 2016/05/16 v1.5 Let assignment for LaTeX macros (HO)
Package: hopatch 2016/05/16 v1.3 Wrapper for package hooks (HO)
Package: xcolor-patch 2016/05/16 xcolor patch
Package: atveryend 2016/05/16 v1.9 Hooks at the very end of document (HO)
Package atveryend Info: \enddocument detected (standard20110627).
Package: atbegshi 2016/06/09 v1.18 At begin shipout hook (HO)
Package: refcount 2016/05/16 v3.5 Data extraction from label references (HO)
Package: hycolor 2016/05/16 v1.8 Color options for hyperref/bookmark (HO)
)
(/usr/local/texlive/2016/texmf-dist/tex/generic/ifxetex/ifxetex.sty
Package: ifxetex 2010/09/12 v0.6 Provides ifxetex conditional
)
(/usr/local/texlive/2016/texmf-dist/tex/latex/oberdiek/auxhook.sty
Package: auxhook 2016/05/16 v1.4 Hooks for auxiliary files (HO)
)
(/usr/local/texlive/2016/texmf-dist/tex/latex/oberdiek/kvoptions.sty
Package: kvoptions 2016/05/16 v3.12 Key value format for package options (HO)
)
\@linkdim=\dimen141
\Hy@linkcounter=\count123
\Hy@pagecounter=\count124

(/usr/local/texlive/2016/texmf-dist/tex/latex/hyperref/pd1enc.def
File: pd1enc.def 2016/06/24 v6.83q Hyperref: PDFDocEncoding definition (HO)
)
\Hy@SavedSpaceFactor=\count125

(/usr/local/texlive/2016/texmf-dist/tex/latex/latexconfig/hyperref.cfg
File: hyperref.cfg 2002/06/06 v1.2 hyperref configuration of TeXLive
)
Package hyperref Info: Hyper figures OFF on input line 4486.
Package hyperref Info: Link nesting OFF on input line 4491.
Package hyperref Info: Hyper index ON on input line 4494.
Package hyperref Info: Plain pages OFF on input line 4501.
Package hyperref Info: Backreferencing OFF on input line 4506.
Package hyperref Info: Implicit mode ON; LaTeX internals redefined.
Package hyperref Info: Bookmarks ON on input line 4735.
\c@Hy@tempcnt=\count126
LaTeX Info: Redefining \url on input line 5088.
\XeTeXLinkMargin=\dimen142
\Fld@menulength=\count127
\Field@Width=\dimen143
\Fld@charsize=\dimen144
Package hyperref Info: Hyper figures OFF on input line 6342.
Package hyperref Info: Link nesting OFF on input line 6347.
Package hyperref Info: Hyper index ON on input line 6350.
Package hyperref Info: backreferencing OFF on input line 6357.
Package hyperref Info: Link coloring OFF on input line 6362.
Package hyperref Info: Link coloring with OCG OFF on input line 6367.
Package hyperref Info: PDF/A mode OFF on input line 6372.
LaTeX Info: Redefining \ref on input line 6412.
LaTeX Info: Redefining \pageref on input line 6416.
\Hy@abspage=\count128
\c@Item=\count129
\c@Hfootnote=\count130
)

Package hyperref Message: Driver: hdvipdfm.

(/usr/local/texlive/2016/texmf-dist/tex/latex/hyperref/hdvipdfm.def
File: hdvipdfm.def 2016/06/24 v6.83q Hyperref driver for dvipdfm
\pdfm@box=\box46
\c@Hy@AnnotLevel=\count131
\HyField@AnnotCount=\count132
\Fld@listcount=\count133
\c@bookmark@seq@number=\count134

(/usr/local/texlive/2016/texmf-dist/tex/latex/oberdiek/rerunfilecheck.sty
Package: rerunfilecheck 2016/05/16 v1.8 Rerun checks for auxiliary files (HO)
Package uniquecounter Info: New unique counter `rerunfilecheck' on input line 2
82.
)
\Hy@SectionHShift=\skip61
)
Package hyperref Info: Option `colorlinks' set `false' on input line 22.

(/usr/local/texlive/2016/texmf-dist/tex/latex/oberdiek/hypcap.sty
Package: hypcap 2016/05/16 v1.12 Adjusting the anchors of captions (HO)
)
(/usr/local/texlive/2016/texmf-dist/tex/latex/cite/cite.sty
LaTeX Info: Redefining \cite on input line 302.
LaTeX Info: Redefining \nocite on input line 332.
Package: cite 2015/02/27  v 5.5
)
(/usr/local/texlive/2016/texmf-dist/tex/latex/cleveref/cleveref.sty
Package: cleveref 2013/12/28 v0.19 Intelligent cross-referencing
Package cleveref Info: `hyperref' support loaded on input line 2230.
LaTeX Info: Redefining \cref on input line 2230.
LaTeX Info: Redefining \Cref on input line 2230.
LaTeX Info: Redefining \crefrange on input line 2230.
LaTeX Info: Redefining \Crefrange on input line 2230.
LaTeX Info: Redefining \cpageref on input line 2230.
LaTeX Info: Redefining \Cpageref on input line 2230.
LaTeX Info: Redefining \cpagerefrange on input line 2230.
LaTeX Info: Redefining \Cpagerefrange on input line 2230.
LaTeX Info: Redefining \labelcref on input line 2230.
LaTeX Info: Redefining \labelcpageref on input line 2230.
)
(./grad_thesis.aux)
\openout1 = `grad_thesis.aux'.

LaTeX Font Info:    Checking defaults for OML/cmm/m/it on input line 28.
LaTeX Font Info:    ... okay on input line 28.
LaTeX Font Info:    Checking defaults for T1/cmr/m/n on input line 28.
LaTeX Font Info:    ... okay on input line 28.
LaTeX Font Info:    Checking defaults for OT1/cmr/m/n on input line 28.
LaTeX Font Info:    ... okay on input line 28.
LaTeX Font Info:    Checking defaults for OMS/cmsy/m/n on input line 28.
LaTeX Font Info:    ... okay on input line 28.
LaTeX Font Info:    Checking defaults for OMX/cmex/m/n on input line 28.
LaTeX Font Info:    ... okay on input line 28.
LaTeX Font Info:    Checking defaults for U/cmr/m/n on input line 28.
LaTeX Font Info:    ... okay on input line 28.
LaTeX Font Info:    Checking defaults for JY1/mc/m/n on input line 28.
LaTeX Font Info:    ... okay on input line 28.
LaTeX Font Info:    Checking defaults for JT1/mc/m/n on input line 28.
LaTeX Font Info:    ... okay on input line 28.
LaTeX Font Info:    Checking defaults for PD1/pdf/m/n on input line 28.
LaTeX Font Info:    ... okay on input line 28.
Package chapterbib Info: The sectionbib option changes "\chapter *" to "\sectio
n *" in \thebibliography on input line 28.
\AtBeginShipoutBox=\box47
Package hyperref Info: Link coloring OFF on input line 28.

(/usr/local/texlive/2016/texmf-dist/tex/latex/hyperref/nameref.sty
Package: nameref 2016/05/21 v2.44 Cross-referencing by name of section

(/usr/local/texlive/2016/texmf-dist/tex/generic/oberdiek/gettitlestring.sty
Package: gettitlestring 2016/05/16 v1.5 Cleanup title references (HO)
)
\c@section@level=\count135
)
LaTeX Info: Redefining \ref on input line 28.
LaTeX Info: Redefining \pageref on input line 28.
LaTeX Info: Redefining \nameref on input line 28.

(./grad_thesis.out) (./grad_thesis.out)
\@outlinefile=\write3
\openout3 = `grad_thesis.out'.

 [1

]
LaTeX Font Info:    Font shape `JT1/mc/bx/n' in size <20.74> not available
(Font)              Font shape `JT1/gt/m/n' tried instead on input line 63.
LaTeX Font Info:    Font shape `JY1/mc/bx/n' in size <20.74> not available
(Font)              Font shape `JY1/gt/m/n' tried instead on input line 63.
 (./abstract.tex [2


] [3]) [4]
(./grad_thesis.toc
LaTeX Font Info:    Font shape `JT1/mc/bx/n' in size <10.95> not available
(Font)              Font shape `JT1/gt/m/n' tried instead on input line 1.
LaTeX Font Info:    Font shape `JY1/mc/bx/n' in size <10.95> not available
(Font)              Font shape `JY1/gt/m/n' tried instead on input line 1.
 [1

])
\tf@toc=\write4
\openout4 = `grad_thesis.toc'.

 [2] (./grad_thesis.lof)
\tf@lof=\write5
\openout5 = `grad_thesis.lof'.

 [3

] (./grad_thesis.lot)
\tf@lot=\write6
\openout6 = `grad_thesis.lot'.


[4

] (./chapter01.tex
第 1 章
LaTeX Font Info:    Font shape `JT1/mc/bx/n' in size <14.4> not available
(Font)              Font shape `JT1/gt/m/n' tried instead on input line 11.
LaTeX Font Info:    Font shape `JY1/mc/bx/n' in size <14.4> not available
(Font)              Font shape `JY1/gt/m/n' tried instead on input line 11.
[1

]

Package Fancyhdr Warning: \headheight is too small (12.0pt): 
 Make it at least 15.49998pt.
 We now make it that large for the rest of the document.
 This may cause the page layout to be inconsistent, however.

[2]
LaTeX Font Info:    Try loading font information for OMS+cmr on input line 105.

 (/usr/local/texlive/2016/texmf-dist/tex/latex/base/omscmr.fd
File: omscmr.fd 2014/09/29 v2.5h Standard LaTeX font definitions
)
LaTeX Font Info:    Font shape `OMS/cmr/m/n' in size <10.95> not available
(Font)              Font shape `OMS/cmsy/m/n' tried instead on input line 105.
 [3] [4])
(./chapter02.tex [5]
第 2 章

LaTeX Warning: Citation `mcauley2010mooc' on page 6 undefined on input line 18.



LaTeX Warning: Citation `pappano2012year' on page 6 undefined on input line 18.



LaTeX Warning: Citation `siemens2013massive' on page 6 undefined on input line 
18.


LaTeX Warning: Citation `yuan2013moocs' on page 6 undefined on input line 21.


LaTeX Warning: Citation `abelson2008creation' on page 6 undefined on input line
 23.


LaTeX Warning: Citation `trucano2013more' on page 6 undefined on input line 45.



LaTeX Warning: Citation `liyanagunawardena2013impact' on page 6 undefined on in
put line 45.

[6

]
File: ./img/cousera.png Graphic file (type bmp)
 <./img/cousera.png>
Overfull \hbox (18.46126pt too wide) in paragraph at lines 61--61
[][] 
 []

File: ./img/khanacademy.png Graphic file (type bmp)
<./img/khanacademy.png>
Overfull \hbox (18.45367pt too wide) in paragraph at lines 61--61
[][] 
 []


Overfull \hbox (43.59872pt too wide) in paragraph at lines 50--62
 | [] 
 []


LaTeX Warning: Citation `yuan2013moocs' on page 7 undefined on input line 78.


LaTeX Warning: Citation `daniel2012making' on page 7 undefined on input line 86
.

[7]

LaTeX Warning: Citation `jordan2013mooc' on page 8 undefined on input line 97.


LaTeX Warning: Citation `rivard2013measuring' on page 8 undefined on input line
 99.


LaTeX Warning: Citation `bock2013virtual' on page 8 undefined on input line 107
.


LaTeX Warning: Citation `machardy2015toward' on page 8 undefined on input line 
120.

[8]

LaTeX Warning: Citation `schroff2015facenet' on page 9 undefined on input line 
143.


LaTeX Warning: Citation `szegedy2014going' on page 9 undefined on input line 14
3.


LaTeX Warning: Citation `hinton2012deep' on page 9 undefined on input line 143.



LaTeX Warning: Citation `bahdanau2015end' on page 9 undefined on input line 143
.


LaTeX Warning: Citation `sak2015fast' on page 9 undefined on input line 143.


LaTeX Warning: Citation `sutskever2014sequence' on page 9 undefined on input li
ne 143.


LaTeX Warning: Citation `dong2015multi' on page 9 undefined on input line 143.


LaTeX Warning: Citation `yin2015neural' on page 9 undefined on input line 143.


LaTeX Warning: Citation `xu2015show' on page 9 undefined on input line 143.


LaTeX Warning: Citation `vinyals2014show' on page 9 undefined on input line 143
.


LaTeX Warning: Citation `zeiler2014visualizing' on page 9 undefined on input li
ne 146.


LaTeX Warning: Citation `schroff2015facenet' on page 9 undefined on input line 
147.


LaTeX Warning: Citation `sutskever2014sequence' on page 9 undefined on input li
ne 148.


LaTeX Warning: Citation `dong2015multi' on page 9 undefined on input line 149.


LaTeX Warning: Citation `xu2015show' on page 9 undefined on input line 150.


LaTeX Warning: Citation `schroff2015facenet' on page 9 undefined on input line 
158.


LaTeX Warning: Citation `xu2015show' on page 9 undefined on input line 160.

[9]

LaTeX Warning: Citation `lecun1998gradient' on page 10 undefined on input line 
166.


LaTeX Warning: Citation `williams1989learning' on page 10 undefined on input li
ne 166.


LaTeX Warning: Citation `piech2015deep' on page 10 undefined on input line 167.



LaTeX Warning: Citation `sutskever2014sequence' on page 10 undefined on input l
ine 174.


LaTeX Warning: Citation `dong2015multi' on page 10 undefined on input line 174.



LaTeX Warning: Citation `graves2009offline' on page 10 undefined on input line 
174.


LaTeX Warning: Citation `louradour2014curriculum' on page 10 undefined on input
 line 174.


LaTeX Warning: Citation `hinton2012deep' on page 10 undefined on input line 174
.


LaTeX Warning: Citation `bahdanau2015end' on page 10 undefined on input line 17
4.


LaTeX Warning: Citation `hidasi2015session' on page 10 undefined on input line 
174.


LaTeX Warning: Citation `xu2015show' on page 10 undefined on input line 174.


LaTeX Warning: Citation `vinyals2014show' on page 10 undefined on input line 17
4.


LaTeX Warning: Citation `choi2015doctor' on page 10 undefined on input line 174
.


LaTeX Warning: Citation `lipton2015learning' on page 10 undefined on input line
 174.

File: ./img/RNN4.pdf Graphic file (type pdf)
<./img/RNN4.pdf>

LaTeX Warning: Citation `nair2010rectified' on page 10 undefined on input line 
189.


LaTeX Warning: Citation `clevert2015fast' on page 10 undefined on input line 18
9.


LaTeX Warning: Citation `bengio1994learning' on page 10 undefined on input line
 194.


LaTeX Warning: Citation `robbins1951stochastic' on page 10 undefined on input l
ine 195.


LaTeX Warning: Citation `kushner2003stochastic' on page 10 undefined on input l
ine 195.


LaTeX Warning: Citation `kingma2014adam' on page 10 undefined on input line 195
.


LaTeX Warning: Citation `zeiler2012adadelta' on page 10 undefined on input line
 195.


LaTeX Warning: Citation `bengio1994learning' on page 10 undefined on input line
 197.


LaTeX Warning: Citation `pascanu2013difficulty' on page 10 undefined on input l
ine 197.


LaTeX Warning: Citation `pascanu2013difficulty' on page 10 undefined on input l
ine 198.


LaTeX Warning: Citation `hochreiter1998vanishing' on page 10 undefined on input
 line 198.

[10]

LaTeX Warning: Citation `mikolov2012statistical' on page 11 undefined on input 
line 209.


LaTeX Warning: Citation `pascanu2013difficulty' on page 11 undefined on input l
ine 213.

Package hyperref Info: bookmark level for unknown algorithm defaults to 0 on in
put line 217.

LaTeX Warning: Citation `williams1989learning' on page 11 undefined on input li
ne 228.


LaTeX Warning: Citation `hochreiter1997long' on page 11 undefined on input line
 228.


LaTeX Warning: Citation `cho2014learning' on page 11 undefined on input line 22
8.


LaTeX Warning: Citation `le2015simple' on page 11 undefined on input line 242.


LaTeX Warning: Citation `krueger2015regularizing' on page 11 undefined on input
 line 242.

[11]

LaTeX Warning: Citation `corbett1994knowledge' on page 12 undefined on input li
ne 278.


LaTeX Warning: Citation `keller1968good' on page 12 undefined on input line 282
.


LaTeX Warning: Citation `bloom1968learning' on page 12 undefined on input line 
282.


LaTeX Font Warning: Font shape `JT1/mc/m/it' undefined
(Font)              using `JT1/mc/m/n' instead on input line 285.


LaTeX Font Warning: Font shape `JY1/mc/m/it' undefined
(Font)              using `JY1/mc/m/n' instead on input line 285.


LaTeX Warning: Citation `corbett1994knowledge' on page 12 undefined on input li
ne 290.


LaTeX Warning: Citation `pavlik2009performance' on page 12 undefined on input l
ine 293.

[12]
LaTeX Font Info:    Font shape `JT1/mc/bx/n' in size <12> not available
(Font)              Font shape `JT1/gt/m/n' tried instead on input line 317.
LaTeX Font Info:    Font shape `JY1/mc/bx/n' in size <12> not available
(Font)              Font shape `JY1/gt/m/n' tried instead on input line 317.


LaTeX Warning: Citation `yudelson2013individualized' on page 13 undefined on in
put line 324.


LaTeX Warning: Citation `falakmasir2015spectral' on page 13 undefined on input 
line 324.


LaTeX Warning: Citation `piech2015deep' on page 13 undefined on input line 324.



LaTeX Warning: Citation `piech2015deep' on page 13 undefined on input line 332.



LaTeX Warning: Citation `corbett1994knowledge' on page 13 undefined on input li
ne 339.

[13]

LaTeX Warning: Citation `corbett1994knowledge' on page 14 undefined on input li
ne 380.


LaTeX Warning: Citation `yudelson2013individualized' on page 14 undefined on in
put line 381.


LaTeX Warning: Citation `yudelson2013individualized' on page 14 undefined on in
put line 384.


LaTeX Warning: Citation `yudelson2013individualized' on page 14 undefined on in
put line 385.

[14]

LaTeX Warning: Citation `pavlik2009performance' on page 15 undefined on input l
ine 392.


LaTeX Warning: Citation `piech2015deep' on page 15 undefined on input line 423.


[15]

LaTeX Warning: Reference `eq:lstmrnn1' on page 16 undefined on input line 446.


LaTeX Warning: Reference `eq:lstmrnn7' on page 16 undefined on input line 446.


LaTeX Warning: Reference `eq:grurnn1' on page 16 undefined on input line 446.


LaTeX Warning: Reference `eq:grurnn5' on page 16 undefined on input line 446.

[16]

LaTeX Warning: Citation `piech2015deep' on page 17 undefined on input line 502.



LaTeX Warning: Citation `srivastava2014dropout' on page 17 undefined on input l
ine 502.


LaTeX Warning: Citation `werbos1990backpropagation' on page 17 undefined on inp
ut line 503.


LaTeX Warning: Citation `pascanu2013difficulty' on page 17 undefined on input l
ine 503.


LaTeX Warning: Citation `piech2015deep' on page 17 undefined on input line 516.


[17]

LaTeX Warning: Citation `piech2015deep' on page 18 undefined on input line 520.


) (./chapter03.tex [18]
第 3 章
[19

]

LaTeX Warning: Citation `piech2015deep' on page 20 undefined on input line 86.

[20]

LaTeX Warning: Citation `chen2008mining' on page 21 undefined on input line 129
.

[21]

LaTeX Warning: Citation `piech2015deep' on page 22 undefined on input line 163.



LaTeX Warning: Citation `piech2015deep' on page 22 undefined on input line 171.


[22] [23] [24]) (./chapter04.tex [25]
第 4 章
[26

] [27] [28] [29]) (./chapter05.tex [30]
第 5 章
[31

]

LaTeX Warning: Citation `piech2015deep' on page 32 undefined on input line 56.

[32] [33]

LaTeX Warning: Citation `piech2015deep' on page 34 undefined on input line 159.



LaTeX Warning: Citation `pascanu2013difficulty' on page 34 undefined on input l
ine 204.


LaTeX Warning: Citation `piech2015deep' on page 34 undefined on input line 205.



LaTeX Warning: Citation `glorot2010understanding' on page 34 undefined on input
 line 208.

[34]

LaTeX Warning: Citation `bergstra2012random' on page 35 undefined on input line
 215.


LaTeX Warning: Citation `larochelle2007empirical' on page 35 undefined on input
 line 216.


LaTeX Warning: Citation `bergstra2012random' on page 35 undefined on input line
 216.


LaTeX Warning: Citation `bergstra+al:2010-scipy' on page 35 undefined on input 
line 220.


LaTeX Warning: Citation `Bastien-Theano-2012' on page 35 undefined on input lin
e 220.


LaTeX Warning: Citation `piech2015deep' on page 35 undefined on input line 268.


[35]) (./chapter06.tex [36]
第 6 章

LaTeX Warning: Citation `piech2015deep' on page 37 undefined on input line 37.

[37

]

LaTeX Warning: Citation `piech2015deep' on page 38 undefined on input line 45.

[38] [39]) (./chapter07.tex [40]
第 7 章
) [41

]
No file grad_thesis.bbl.
(./acknowledgement.tex)
Package atveryend Info: Empty hook `BeforeClearDocument' on input line 112.
 [42

]
Package atveryend Info: Empty hook `AfterLastShipout' on input line 112.
 (./grad_thesis.aux)
Package atveryend Info: Empty hook `AtVeryEndDocument' on input line 112.
Package atveryend Info: Executing hook `AtEndAfterFileList' on input line 112.


Package rerunfilecheck Warning: File `grad_thesis.out' has changed.
(rerunfilecheck)                Rerun to get outlines right
(rerunfilecheck)                or use package `bookmark'.

Package rerunfilecheck Info: Checksums for `grad_thesis.out':
(rerunfilecheck)             Before: 707FE45CCC40AEEA1C09CE636B82A180;3570
(rerunfilecheck)             After:  AD6B69E82B2F240D26ECAE9A98C11A57;3520.

LaTeX Font Warning: Some font shapes were not available, defaults substituted.


LaTeX Warning: There were undefined references.


LaTeX Warning: Label(s) may have changed. Rerun to get cross-references right.

Package atveryend Info: Empty hook `AtVeryVeryEnd' on input line 112.
 ) 
Here is how much of TeX's memory you used:
 7811 strings out of 493683
 123795 string characters out of 6149652
 242528 words of memory out of 5000000
 11256 multiletter control sequences out of 15000+600000
 20925 words of font info for 81 fonts, out of 8000000 for 9000
 929 hyphenation exceptions out of 8191
 29i,15n,43p,525b,516s stack positions out of 5000i,500n,10000p,200000b,80000s

Output written on grad_thesis.dvi (50 pages, 217140 bytes).
